<?xml version="1.0" encoding="UTF-8"?>
<testsuite name="AppTest" tests="3" skipped="0" failures="0" errors="0" timestamp="2016-02-15T18:43:59" hostname="epicodus-68.local" time="0.372">
  <properties/>
  <testcase name="checkEquilateral" classname="AppTest" time="0.327"/>
  <testcase name="checkNotATriangle" classname="AppTest" time="0.022"/>
  <testcase name="rootTest" classname="AppTest" time="0.012"/>
  <system-out><![CDATA[]]></system-out>
  <system-err><![CDATA[[Thread-4] INFO spark.webserver.SparkServer - == Spark has ignited ...
[Thread-4] INFO spark.webserver.SparkServer - >> Listening on 0.0.0.0:4567
[Thread-4] INFO org.eclipse.jetty.server.Server - jetty-9.0.2.v20130417
[Thread-4] INFO org.eclipse.jetty.server.ServerConnector - Started ServerConnector@72cafbc8{HTTP/1.1}{0.0.0.0:4567}
Feb 15, 2016 10:43:59 AM com.gargoylesoftware.htmlunit.html.InputElementFactory createElementNS
INFO: Bad input type: "number", creating a text input
Feb 15, 2016 10:43:59 AM com.gargoylesoftware.htmlunit.html.InputElementFactory createElementNS
INFO: Bad input type: "number", creating a text input
Feb 15, 2016 10:43:59 AM com.gargoylesoftware.htmlunit.html.InputElementFactory createElementNS
INFO: Bad input type: "number", creating a text input
Feb 15, 2016 10:43:59 AM com.gargoylesoftware.htmlunit.html.InputElementFactory createElementNS
INFO: Bad input type: "number", creating a text input
Feb 15, 2016 10:43:59 AM com.gargoylesoftware.htmlunit.html.InputElementFactory createElementNS
INFO: Bad input type: "number", creating a text input
Feb 15, 2016 10:43:59 AM com.gargoylesoftware.htmlunit.html.InputElementFactory createElementNS
INFO: Bad input type: "number", creating a text input
Feb 15, 2016 10:43:59 AM com.gargoylesoftware.htmlunit.html.InputElementFactory createElementNS
INFO: Bad input type: "number", creating a text input
Feb 15, 2016 10:43:59 AM com.gargoylesoftware.htmlunit.html.InputElementFactory createElementNS
INFO: Bad input type: "number", creating a text input
Feb 15, 2016 10:43:59 AM com.gargoylesoftware.htmlunit.html.InputElementFactory createElementNS
INFO: Bad input type: "number", creating a text input
[Test worker] INFO spark.webserver.SparkServer - >>> Spark shutting down ...
[Test worker] INFO org.eclipse.jetty.server.Server - Graceful shutdown org.eclipse.jetty.server.Server@217977c9 by 
[Test worker] INFO org.eclipse.jetty.server.ServerConnector - Stopped ServerConnector@72cafbc8{HTTP/1.1}{0.0.0.0:4567}
[Test worker] INFO spark.webserver.SparkServer - done
]]></system-err>
</testsuite>
